20.04.2020 20:41:18	This log contains information about the import schema operation into project 'Book Library Data Base' on computer 'DESKTOP-3JLM130' by user 'user'.
20.04.2020 20:41:19	Import of database schema has started.
20.04.2020 20:41:26	Gathering database credentials
20.04.2020 20:41:26	Gathering database options
20.04.2020 20:41:26	Gathering users
20.04.2020 20:41:26	Gathering roles
20.04.2020 20:41:26	Gathering application roles
20.04.2020 20:41:26	Gathering role memberships
20.04.2020 20:41:26	Gathering filegroups
20.04.2020 20:41:26	Gathering full-text catalogs
20.04.2020 20:41:26	Gathering assemblies
20.04.2020 20:41:26	Gathering certificates
20.04.2020 20:41:26	Gathering asymmetric keys
20.04.2020 20:41:26	Gathering symmetric keys
20.04.2020 20:41:26	Gathering encrypted symmetric keys
20.04.2020 20:41:26	Gathering schemas
20.04.2020 20:41:26	Gathering XML schema collections
20.04.2020 20:41:26	Gathering user-defined data types
20.04.2020 20:41:26	Gathering user-defined types
20.04.2020 20:41:26	Gathering table types
20.04.2020 20:41:26	Gathering unique keys for table types
20.04.2020 20:41:26	Gathering primary keys for table types
20.04.2020 20:41:26	Gathering indexes for table types
20.04.2020 20:41:26	Gathering check constraints for table types
20.04.2020 20:41:26	Gathering default constraints for table types
20.04.2020 20:41:26	Gathering partition functions
20.04.2020 20:41:26	Gathering partition schemes
20.04.2020 20:41:26	Gathering functions
20.04.2020 20:41:26	Gathering encrypted functions
20.04.2020 20:41:26	Gathering aggregates
20.04.2020 20:41:26	Gathering procedures
20.04.2020 20:41:26	Gathering encrypted procedures
20.04.2020 20:41:26	Gathering tables
20.04.2020 20:41:26	Gathering primary keys
20.04.2020 20:41:26	Gathering unique constraints
20.04.2020 20:41:26	Gathering foreign keys
20.04.2020 20:41:26	Gathering default constraints
20.04.2020 20:41:26	Gathering check constraints
20.04.2020 20:41:26	Gathering views
20.04.2020 20:41:26	Gathering encrypted views
20.04.2020 20:41:26	Gathering indexes
20.04.2020 20:41:26	Gathering statistics
20.04.2020 20:41:26	Gathering full-text index stoplists
20.04.2020 20:41:26	Gathering search property lists
20.04.2020 20:41:26	Gathering search properties
20.04.2020 20:41:26	Gathering full-text indexes
20.04.2020 20:41:26	Gathering column store indexes
20.04.2020 20:41:26	Gathering spatial indexes
20.04.2020 20:41:26	Gathering XML indexes
20.04.2020 20:41:26	Gathering Selective XML indexes
20.04.2020 20:41:26	Gathering encrypted triggers
20.04.2020 20:41:26	Gathering triggers
20.04.2020 20:41:26	Gathering encrypted and clr ddl triggers
20.04.2020 20:41:26	Gathering ddl triggers
20.04.2020 20:41:26	Gathering synonyms
20.04.2020 20:41:26	Gathering defaults
20.04.2020 20:41:27	Gathering data constraint uddt bindings
20.04.2020 20:41:27	Gathering rules
20.04.2020 20:41:27	Gathering data constraint uddt bindings
20.04.2020 20:41:27	Gathering message types
20.04.2020 20:41:27	Gathering queues
20.04.2020 20:41:27	Gathering contracts
20.04.2020 20:41:27	Gathering services
20.04.2020 20:41:27	Gathering event notifications
20.04.2020 20:41:27	Gathering remote service bindings
20.04.2020 20:41:27	Gathering broker priorities
20.04.2020 20:41:27	Gathering signatures
20.04.2020 20:41:27	Gathering data compression options
20.04.2020 20:41:27	Gathering sequence types
20.04.2020 20:41:27	Gathering security policies
20.04.2020 20:41:27	Gather column encryption keys
20.04.2020 20:41:27	Gathering column master keys
20.04.2020 20:41:27	Gathering external data sources
20.04.2020 20:41:27	Gathering external file formats
20.04.2020 20:41:27	Gathering external tables
20.04.2020 20:41:27	Gathering database permissions
20.04.2020 20:41:27	Gathering extended properties
20.04.2020 20:41:27	Gathering credentials
20.04.2020 20:41:27	Gathering logins
20.04.2020 20:41:27	Gathering server audits
20.04.2020 20:41:28	Scanning project for duplicate elements
20.04.2020 20:41:29	Finished duplicate element processing
20.04.2020 20:41:29	Finished importing database.
20.04.2020 20:41:29	A summary of the import was saved to the following location: D:\[ROOT]\[Documents]\[Projects]\Book Library Project\Book Library ASP.NET Core MVC EF Core DLL\Book Library Data Base\Import Schema Logs\Book Library Data Ba_20200420054118.log
20.04.2020 20:41:29	Click Finish to continue...
